Assembler report for ULA_8b
Sun May 25 18:08:14 2025
Quartus Prime Version 20.1.0 Build 711 06/05/2020 SJ Lite Edition


---------------------
; Table of Contents ;
---------------------
  1. Legal Notice
  2. Assembler Summary
  3. Assembler Settings
  4. Assembler Generated Files
  5. Assembler Device Options: ULA_8b.sof
  6. Assembler Messages



----------------
; Legal Notice ;
----------------
Copyright (C) 2020  Intel Corporation. All rights reserved.
Your use of Intel Corporation's design tools, logic functions 
and other software and tools, and any partner logic 
functions, and any output files from any of the foregoing 
(including device programming or simulation files), and any 
associated documentation or information are expressly subject 
to the terms and conditions of the Intel Program License 
Subscription Agreement, the Intel Quartus Prime License Agreement,
the Intel FPGA IP License Agreement, or other applicable license
agreement, including, without limitation, that your use is for
the sole purpose of programming logic devices manufactured by
Intel and sold by Intel or its authorized distributors.  Please
refer to the applicable agreement for further details, at
https://fpgasoftware.intel.com/eula.



+---------------------------------------------------------------+
; Assembler Summary                                             ;
+-----------------------+---------------------------------------+
; Assembler Status      ; Successful - Sun May 25 18:08:14 2025 ;
; Revision Name         ; ULA_8b                                ;
; Top-level Entity Name ; ULA_8b                                ;
; Family                ; Cyclone V                             ;
; Device                ; 5CGXFC7C7F23C8                        ;
+-----------------------+---------------------------------------+


+----------------------------------+
; Assembler Settings               ;
+--------+---------+---------------+
; Option ; Setting ; Default Value ;
+--------+---------+---------------+


+------------------------------------------------------------------------+
; Assembler Generated Files                                              ;
+------------------------------------------------------------------------+
; File Name                                                              ;
+------------------------------------------------------------------------+
; /home/raffaellasf/Documentos/Quartus/ULA_8bits/output_files/ULA_8b.sof ;
+------------------------------------------------------------------------+


+--------------------------------------+
; Assembler Device Options: ULA_8b.sof ;
+----------------+---------------------+
; Option         ; Setting             ;
+----------------+---------------------+
; JTAG usercode  ; 0x00ECB079          ;
; Checksum       ; 0x00ECB079          ;
+----------------+---------------------+


+--------------------+
; Assembler Messages ;
+--------------------+
Info: *******************************************************************
Info: Running Quartus Prime Assembler
    Info: Version 20.1.0 Build 711 06/05/2020 SJ Lite Edition
    Info: Processing started: Sun May 25 18:08:10 2025
Info: Command: quartus_asm --read_settings_files=off --write_settings_files=off ULA_8b -c ULA_8b
Warning (18236): Number of processors has not been specified which may cause overloading on shared machines.  Set the global assignment NUM_PARALLEL_PROCESSORS in your QSF to an appropriate value for best performance.
Info (115030): Assembler is generating device programming files
Warning (292000): FLEXlm software error: Bad version number - must be floating point number, with no letters. Feature:       quartus_noexist Version text:  Licensed License path:  /home/raffaellasf/intelFPGA_lite/20.1/licenses/license.txt: FlexNet Licensing error:-77,4.
Warning (292000): FLEXlm software error: Bad version number - must be floating point number, with no letters. Feature:       custom_bitgen Version text:  Licensed License path:  /home/raffaellasf/intelFPGA_lite/20.1/licenses/license.txt: FlexNet Licensing error:-77,4.
Warning (292000): FLEXlm software error: Bad version number - must be floating point number, with no letters. Feature:       custom_bitgen Version text:  Licensed License path:  /home/raffaellasf/intelFPGA_lite/20.1/licenses/license.txt: FlexNet Licensing error:-77,4.
Warning (292000): FLEXlm software error: Bad version number - must be floating point number, with no letters. Feature:       quartus_noexist Version text:  Licensed License path:  /home/raffaellasf/intelFPGA_lite/20.1/licenses/license.txt: FlexNet Licensing error:-77,4.
Warning (292000): FLEXlm software error: Bad version number - must be floating point number, with no letters. Feature:       quartus_seu_mitigation Version text:  Licensed License path:  /home/raffaellasf/intelFPGA_lite/20.1/licenses/license.txt: FlexNet Licensing error:-77,4.
Warning (292000): FLEXlm software error: Bad version number - must be floating point number, with no letters. Feature:       quartus_seu_mitigation Version text:  Licensed License path:  /home/raffaellasf/intelFPGA_lite/20.1/licenses/license.txt: FlexNet Licensing error:-77,4.
Info: Quartus Prime Assembler was successful. 0 errors, 19 warnings
    Info: Peak virtual memory: 511 megabytes
    Info: Processing ended: Sun May 25 18:08:14 2025
    Info: Elapsed time: 00:00:04
    Info: Total CPU time (on all processors): 00:00:04


